CRITICAL - 2023-09-20 05:54:31 --> syntax error, unexpected identifier "some", expecting ";"
in APPPATH\Controllers\Item.php on line 16.
 1 SYSTEMPATH\Router\Router.php(512): CodeIgniter\Router\AutoRouter->getRoute('/', 'get')
 2 SYSTEMPATH\Router\Router.php(208): CodeIgniter\Router\Router->autoRoute('/')
 3 SYSTEMPATH\CodeIgniter.php(800): CodeIgniter\Router\Router->handle('/')
 4 SYSTEMPATH\CodeIgniter.php(442): CodeIgniter\CodeIgniter->tryToRouteIt(Object(CodeIgniter\Router\RouteCollection))
 5 SYSTEMPATH\CodeIgniter.php(353): CodeIgniter\CodeIgniter->handleRequest(null, Object(Config\Cache), false)
 6 FCPATH\index.php(79): CodeIgniter\CodeIgniter->run()
CRITICAL - 2023-09-20 05:54:33 --> syntax error, unexpected identifier "some", expecting ";"
in APPPATH\Controllers\Item.php on line 16.
 1 SYSTEMPATH\Router\Router.php(512): CodeIgniter\Router\AutoRouter->getRoute('item', 'get')
 2 SYSTEMPATH\Router\Router.php(208): CodeIgniter\Router\Router->autoRoute('item')
 3 SYSTEMPATH\CodeIgniter.php(800): CodeIgniter\Router\Router->handle('item')
 4 SYSTEMPATH\CodeIgniter.php(442): CodeIgniter\CodeIgniter->tryToRouteIt(Object(CodeIgniter\Router\RouteCollection))
 5 SYSTEMPATH\CodeIgniter.php(353): CodeIgniter\CodeIgniter->handleRequest(null, Object(Config\Cache), false)
 6 FCPATH\index.php(79): CodeIgniter\CodeIgniter->run()
CRITICAL - 2023-09-20 05:54:40 --> syntax error, unexpected identifier "some", expecting ";"
in APPPATH\Controllers\Item.php on line 16.
 1 SYSTEMPATH\Router\Router.php(512): CodeIgniter\Router\AutoRouter->getRoute('item', 'get')
 2 SYSTEMPATH\Router\Router.php(208): CodeIgniter\Router\Router->autoRoute('item')
 3 SYSTEMPATH\CodeIgniter.php(800): CodeIgniter\Router\Router->handle('item')
 4 SYSTEMPATH\CodeIgniter.php(442): CodeIgniter\CodeIgniter->tryToRouteIt(Object(CodeIgniter\Router\RouteCollection))
 5 SYSTEMPATH\CodeIgniter.php(353): CodeIgniter\CodeIgniter->handleRequest(null, Object(Config\Cache), false)
 6 FCPATH\index.php(79): CodeIgniter\CodeIgniter->run()
CRITICAL - 2023-09-20 05:54:43 --> syntax error, unexpected identifier "some", expecting ";"
in APPPATH\Controllers\Item.php on line 16.
 1 SYSTEMPATH\Router\Router.php(512): CodeIgniter\Router\AutoRouter->getRoute('item', 'get')
 2 SYSTEMPATH\Router\Router.php(208): CodeIgniter\Router\Router->autoRoute('item')
 3 SYSTEMPATH\CodeIgniter.php(800): CodeIgniter\Router\Router->handle('item')
 4 SYSTEMPATH\CodeIgniter.php(442): CodeIgniter\CodeIgniter->tryToRouteIt(Object(CodeIgniter\Router\RouteCollection))
 5 SYSTEMPATH\CodeIgniter.php(353): CodeIgniter\CodeIgniter->handleRequest(null, Object(Config\Cache), false)
 6 FCPATH\index.php(79): CodeIgniter\CodeIgniter->run()
CRITICAL - 2023-09-20 05:54:47 --> syntax error, unexpected identifier "some", expecting ";"
in APPPATH\Controllers\Item.php on line 16.
 1 SYSTEMPATH\Router\Router.php(512): CodeIgniter\Router\AutoRouter->getRoute('/', 'get')
 2 SYSTEMPATH\Router\Router.php(208): CodeIgniter\Router\Router->autoRoute('/')
 3 SYSTEMPATH\CodeIgniter.php(800): CodeIgniter\Router\Router->handle('/')
 4 SYSTEMPATH\CodeIgniter.php(442): CodeIgniter\CodeIgniter->tryToRouteIt(Object(CodeIgniter\Router\RouteCollection))
 5 SYSTEMPATH\CodeIgniter.php(353): CodeIgniter\CodeIgniter->handleRequest(null, Object(Config\Cache), false)
 6 FCPATH\index.php(79): CodeIgniter\CodeIgniter->run()
CRITICAL - 2023-09-20 05:54:51 --> syntax error, unexpected identifier "some", expecting ";"
in APPPATH\Controllers\Item.php on line 16.
 1 SYSTEMPATH\Router\Router.php(512): CodeIgniter\Router\AutoRouter->getRoute('item', 'get')
 2 SYSTEMPATH\Router\Router.php(208): CodeIgniter\Router\Router->autoRoute('item')
 3 SYSTEMPATH\CodeIgniter.php(800): CodeIgniter\Router\Router->handle('item')
 4 SYSTEMPATH\CodeIgniter.php(442): CodeIgniter\CodeIgniter->tryToRouteIt(Object(CodeIgniter\Router\RouteCollection))
 5 SYSTEMPATH\CodeIgniter.php(353): CodeIgniter\CodeIgniter->handleRequest(null, Object(Config\Cache), false)
 6 FCPATH\index.php(79): CodeIgniter\CodeIgniter->run()
CRITICAL - 2023-09-20 05:59:02 --> syntax error, unexpected identifier "some", expecting ";"
in APPPATH\Controllers\Item.php on line 16.
 1 SYSTEMPATH\Router\Router.php(512): CodeIgniter\Router\AutoRouter->getRoute('item', 'get')
 2 SYSTEMPATH\Router\Router.php(208): CodeIgniter\Router\Router->autoRoute('item')
 3 SYSTEMPATH\CodeIgniter.php(800): CodeIgniter\Router\Router->handle('item')
 4 SYSTEMPATH\CodeIgniter.php(442): CodeIgniter\CodeIgniter->tryToRouteIt(Object(CodeIgniter\Router\RouteCollection))
 5 SYSTEMPATH\CodeIgniter.php(353): CodeIgniter\CodeIgniter->handleRequest(null, Object(Config\Cache), false)
 6 FCPATH\index.php(79): CodeIgniter\CodeIgniter->run()
CRITICAL - 2023-09-20 05:59:10 --> syntax error, unexpected identifier "some", expecting ";"
in APPPATH\Controllers\Item.php on line 16.
 1 SYSTEMPATH\Router\Router.php(512): CodeIgniter\Router\AutoRouter->getRoute('/', 'get')
 2 SYSTEMPATH\Router\Router.php(208): CodeIgniter\Router\Router->autoRoute('/')
 3 SYSTEMPATH\CodeIgniter.php(800): CodeIgniter\Router\Router->handle('/')
 4 SYSTEMPATH\CodeIgniter.php(442): CodeIgniter\CodeIgniter->tryToRouteIt(Object(CodeIgniter\Router\RouteCollection))
 5 SYSTEMPATH\CodeIgniter.php(353): CodeIgniter\CodeIgniter->handleRequest(null, Object(Config\Cache), false)
 6 FCPATH\index.php(79): CodeIgniter\CodeIgniter->run()
CRITICAL - 2023-09-20 05:59:12 --> syntax error, unexpected identifier "some", expecting ";"
in APPPATH\Controllers\Item.php on line 16.
 1 SYSTEMPATH\Router\Router.php(512): CodeIgniter\Router\AutoRouter->getRoute('/', 'get')
 2 SYSTEMPATH\Router\Router.php(208): CodeIgniter\Router\Router->autoRoute('/')
 3 SYSTEMPATH\CodeIgniter.php(800): CodeIgniter\Router\Router->handle('/')
 4 SYSTEMPATH\CodeIgniter.php(442): CodeIgniter\CodeIgniter->tryToRouteIt(Object(CodeIgniter\Router\RouteCollection))
 5 SYSTEMPATH\CodeIgniter.php(353): CodeIgniter\CodeIgniter->handleRequest(null, Object(Config\Cache), false)
 6 FCPATH\index.php(79): CodeIgniter\CodeIgniter->run()
CRITICAL - 2023-09-20 06:00:57 --> syntax error, unexpected identifier "some", expecting ";"
in APPPATH\Controllers\Item.php on line 16.
 1 SYSTEMPATH\Router\Router.php(512): CodeIgniter\Router\AutoRouter->getRoute('/', 'get')
 2 SYSTEMPATH\Router\Router.php(208): CodeIgniter\Router\Router->autoRoute('/')
 3 SYSTEMPATH\CodeIgniter.php(800): CodeIgniter\Router\Router->handle('/')
 4 SYSTEMPATH\CodeIgniter.php(442): CodeIgniter\CodeIgniter->tryToRouteIt(Object(CodeIgniter\Router\RouteCollection))
 5 SYSTEMPATH\CodeIgniter.php(353): CodeIgniter\CodeIgniter->handleRequest(null, Object(Config\Cache), false)
 6 FCPATH\index.php(79): CodeIgniter\CodeIgniter->run()
CRITICAL - 2023-09-20 06:00:58 --> syntax error, unexpected identifier "some", expecting ";"
in APPPATH\Controllers\Item.php on line 16.
 1 SYSTEMPATH\Router\Router.php(512): CodeIgniter\Router\AutoRouter->getRoute('/', 'get')
 2 SYSTEMPATH\Router\Router.php(208): CodeIgniter\Router\Router->autoRoute('/')
 3 SYSTEMPATH\CodeIgniter.php(800): CodeIgniter\Router\Router->handle('/')
 4 SYSTEMPATH\CodeIgniter.php(442): CodeIgniter\CodeIgniter->tryToRouteIt(Object(CodeIgniter\Router\RouteCollection))
 5 SYSTEMPATH\CodeIgniter.php(353): CodeIgniter\CodeIgniter->handleRequest(null, Object(Config\Cache), false)
 6 FCPATH\index.php(79): CodeIgniter\CodeIgniter->run()
CRITICAL - 2023-09-20 06:00:59 --> syntax error, unexpected identifier "some", expecting ";"
in APPPATH\Controllers\Item.php on line 16.
 1 SYSTEMPATH\Router\Router.php(512): CodeIgniter\Router\AutoRouter->getRoute('/', 'get')
 2 SYSTEMPATH\Router\Router.php(208): CodeIgniter\Router\Router->autoRoute('/')
 3 SYSTEMPATH\CodeIgniter.php(800): CodeIgniter\Router\Router->handle('/')
 4 SYSTEMPATH\CodeIgniter.php(442): CodeIgniter\CodeIgniter->tryToRouteIt(Object(CodeIgniter\Router\RouteCollection))
 5 SYSTEMPATH\CodeIgniter.php(353): CodeIgniter\CodeIgniter->handleRequest(null, Object(Config\Cache), false)
 6 FCPATH\index.php(79): CodeIgniter\CodeIgniter->run()
CRITICAL - 2023-09-20 06:02:05 --> syntax error, unexpected identifier "some", expecting ";"
in APPPATH\Controllers\Item.php on line 16.
 1 SYSTEMPATH\Router\Router.php(512): CodeIgniter\Router\AutoRouter->getRoute('/', 'get')
 2 SYSTEMPATH\Router\Router.php(208): CodeIgniter\Router\Router->autoRoute('/')
 3 SYSTEMPATH\CodeIgniter.php(800): CodeIgniter\Router\Router->handle('/')
 4 SYSTEMPATH\CodeIgniter.php(442): CodeIgniter\CodeIgniter->tryToRouteIt(Object(CodeIgniter\Router\RouteCollection))
 5 SYSTEMPATH\CodeIgniter.php(353): CodeIgniter\CodeIgniter->handleRequest(null, Object(Config\Cache), false)
 6 FCPATH\index.php(79): CodeIgniter\CodeIgniter->run()
CRITICAL - 2023-09-20 06:02:06 --> syntax error, unexpected identifier "some", expecting ";"
in APPPATH\Controllers\Item.php on line 16.
 1 SYSTEMPATH\Router\Router.php(512): CodeIgniter\Router\AutoRouter->getRoute('/', 'get')
 2 SYSTEMPATH\Router\Router.php(208): CodeIgniter\Router\Router->autoRoute('/')
 3 SYSTEMPATH\CodeIgniter.php(800): CodeIgniter\Router\Router->handle('/')
 4 SYSTEMPATH\CodeIgniter.php(442): CodeIgniter\CodeIgniter->tryToRouteIt(Object(CodeIgniter\Router\RouteCollection))
 5 SYSTEMPATH\CodeIgniter.php(353): CodeIgniter\CodeIgniter->handleRequest(null, Object(Config\Cache), false)
 6 FCPATH\index.php(79): CodeIgniter\CodeIgniter->run()
CRITICAL - 2023-09-20 06:02:06 --> syntax error, unexpected identifier "some", expecting ";"
in APPPATH\Controllers\Item.php on line 16.
 1 SYSTEMPATH\Router\Router.php(512): CodeIgniter\Router\AutoRouter->getRoute('/', 'get')
 2 SYSTEMPATH\Router\Router.php(208): CodeIgniter\Router\Router->autoRoute('/')
 3 SYSTEMPATH\CodeIgniter.php(800): CodeIgniter\Router\Router->handle('/')
 4 SYSTEMPATH\CodeIgniter.php(442): CodeIgniter\CodeIgniter->tryToRouteIt(Object(CodeIgniter\Router\RouteCollection))
 5 SYSTEMPATH\CodeIgniter.php(353): CodeIgniter\CodeIgniter->handleRequest(null, Object(Config\Cache), false)
 6 FCPATH\index.php(79): CodeIgniter\CodeIgniter->run()
CRITICAL - 2023-09-20 06:02:35 --> syntax error, unexpected identifier "some", expecting ";"
in APPPATH\Controllers\Item.php on line 16.
 1 SYSTEMPATH\Router\Router.php(512): CodeIgniter\Router\AutoRouter->getRoute('/', 'get')
 2 SYSTEMPATH\Router\Router.php(208): CodeIgniter\Router\Router->autoRoute('/')
 3 SYSTEMPATH\CodeIgniter.php(800): CodeIgniter\Router\Router->handle('/')
 4 SYSTEMPATH\CodeIgniter.php(442): CodeIgniter\CodeIgniter->tryToRouteIt(Object(CodeIgniter\Router\RouteCollection))
 5 SYSTEMPATH\CodeIgniter.php(353): CodeIgniter\CodeIgniter->handleRequest(null, Object(Config\Cache), false)
 6 FCPATH\index.php(79): CodeIgniter\CodeIgniter->run()
CRITICAL - 2023-09-20 06:02:36 --> syntax error, unexpected identifier "some", expecting ";"
in APPPATH\Controllers\Item.php on line 16.
 1 SYSTEMPATH\Router\Router.php(512): CodeIgniter\Router\AutoRouter->getRoute('/', 'get')
 2 SYSTEMPATH\Router\Router.php(208): CodeIgniter\Router\Router->autoRoute('/')
 3 SYSTEMPATH\CodeIgniter.php(800): CodeIgniter\Router\Router->handle('/')
 4 SYSTEMPATH\CodeIgniter.php(442): CodeIgniter\CodeIgniter->tryToRouteIt(Object(CodeIgniter\Router\RouteCollection))
 5 SYSTEMPATH\CodeIgniter.php(353): CodeIgniter\CodeIgniter->handleRequest(null, Object(Config\Cache), false)
 6 FCPATH\index.php(79): CodeIgniter\CodeIgniter->run()
CRITICAL - 2023-09-20 06:02:37 --> syntax error, unexpected identifier "some", expecting ";"
in APPPATH\Controllers\Item.php on line 16.
 1 SYSTEMPATH\Router\Router.php(512): CodeIgniter\Router\AutoRouter->getRoute('/', 'get')
 2 SYSTEMPATH\Router\Router.php(208): CodeIgniter\Router\Router->autoRoute('/')
 3 SYSTEMPATH\CodeIgniter.php(800): CodeIgniter\Router\Router->handle('/')
 4 SYSTEMPATH\CodeIgniter.php(442): CodeIgniter\CodeIgniter->tryToRouteIt(Object(CodeIgniter\Router\RouteCollection))
 5 SYSTEMPATH\CodeIgniter.php(353): CodeIgniter\CodeIgniter->handleRequest(null, Object(Config\Cache), false)
 6 FCPATH\index.php(79): CodeIgniter\CodeIgniter->run()
CRITICAL - 2023-09-20 06:02:37 --> syntax error, unexpected identifier "some", expecting ";"
in APPPATH\Controllers\Item.php on line 16.
 1 SYSTEMPATH\Router\Router.php(512): CodeIgniter\Router\AutoRouter->getRoute('/', 'get')
 2 SYSTEMPATH\Router\Router.php(208): CodeIgniter\Router\Router->autoRoute('/')
 3 SYSTEMPATH\CodeIgniter.php(800): CodeIgniter\Router\Router->handle('/')
 4 SYSTEMPATH\CodeIgniter.php(442): CodeIgniter\CodeIgniter->tryToRouteIt(Object(CodeIgniter\Router\RouteCollection))
 5 SYSTEMPATH\CodeIgniter.php(353): CodeIgniter\CodeIgniter->handleRequest(null, Object(Config\Cache), false)
 6 FCPATH\index.php(79): CodeIgniter\CodeIgniter->run()
CRITICAL - 2023-09-20 07:22:21 --> Call to undefined method CodeIgniter\Validation\Validation::ListError()
in APPPATH\Views\item\add.php on line 10.
 1 SYSTEMPATH\View\View.php(226): include()
 2 SYSTEMPATH\View\View.php(229): CodeIgniter\View\View->CodeIgniter\View\{closure}()
 3 SYSTEMPATH\Common.php(1188): CodeIgniter\View\View->render('item/add', [], true)
 4 APPPATH\Controllers\Item.php(43): view('item/add', [...])
 5 SYSTEMPATH\CodeIgniter.php(919): App\Controllers\Item->add()
 6 SYSTEMPATH\CodeIgniter.php(494): CodeIgniter\CodeIgniter->runController(Object(App\Controllers\Item))
 7 SYSTEMPATH\CodeIgniter.php(353): CodeIgniter\CodeIgniter->handleRequest(null, Object(Config\Cache), false)
 8 FCPATH\index.php(79): CodeIgniter\CodeIgniter->run()
CRITICAL - 2023-09-20 07:22:50 --> Call to undefined method CodeIgniter\Validation\Validation::ListError()
in APPPATH\Views\item\add.php on line 10.
 1 SYSTEMPATH\View\View.php(226): include()
 2 SYSTEMPATH\View\View.php(229): CodeIgniter\View\View->CodeIgniter\View\{closure}()
 3 SYSTEMPATH\Common.php(1188): CodeIgniter\View\View->render('item/add', [], true)
 4 APPPATH\Controllers\Item.php(43): view('item/add', [...])
 5 SYSTEMPATH\CodeIgniter.php(919): App\Controllers\Item->add()
 6 SYSTEMPATH\CodeIgniter.php(494): CodeIgniter\CodeIgniter->runController(Object(App\Controllers\Item))
 7 SYSTEMPATH\CodeIgniter.php(353): CodeIgniter\CodeIgniter->handleRequest(null, Object(Config\Cache), false)
 8 FCPATH\index.php(79): CodeIgniter\CodeIgniter->run()
CRITICAL - 2023-09-20 07:24:56 --> Call to undefined method CodeIgniter\Validation\Validation::listError()
in APPPATH\Views\item\add.php on line 12.
 1 SYSTEMPATH\View\View.php(226): include()
 2 SYSTEMPATH\View\View.php(229): CodeIgniter\View\View->CodeIgniter\View\{closure}()
 3 SYSTEMPATH\Common.php(1188): CodeIgniter\View\View->render('item/add', [], true)
 4 APPPATH\Controllers\Item.php(43): view('item/add', [...])
 5 SYSTEMPATH\CodeIgniter.php(919): App\Controllers\Item->add()
 6 SYSTEMPATH\CodeIgniter.php(494): CodeIgniter\CodeIgniter->runController(Object(App\Controllers\Item))
 7 SYSTEMPATH\CodeIgniter.php(353): CodeIgniter\CodeIgniter->handleRequest(null, Object(Config\Cache), false)
 8 FCPATH\index.php(79): CodeIgniter\CodeIgniter->run()
CRITICAL - 2023-09-20 07:26:46 --> syntax error, unexpected double-quoted string " name=", expecting "," or ";"
in APPPATH\Views\item\add.php on line 29.
 1 SYSTEMPATH\View\View.php(229): CodeIgniter\View\View->CodeIgniter\View\{closure}()
 2 SYSTEMPATH\Common.php(1188): CodeIgniter\View\View->render('item/add', [], true)
 3 APPPATH\Controllers\Item.php(43): view('item/add', [])
 4 SYSTEMPATH\CodeIgniter.php(919): App\Controllers\Item->add()
 5 SYSTEMPATH\CodeIgniter.php(494): CodeIgniter\CodeIgniter->runController(Object(App\Controllers\Item))
 6 SYSTEMPATH\CodeIgniter.php(353): CodeIgniter\CodeIgniter->handleRequest(null, Object(Config\Cache), false)
 7 FCPATH\index.php(79): CodeIgniter\CodeIgniter->run()
CRITICAL - 2023-09-20 07:26:47 --> syntax error, unexpected double-quoted string " name=", expecting "," or ";"
in APPPATH\Views\item\add.php on line 29.
 1 SYSTEMPATH\View\View.php(229): CodeIgniter\View\View->CodeIgniter\View\{closure}()
 2 SYSTEMPATH\Common.php(1188): CodeIgniter\View\View->render('item/add', [], true)
 3 APPPATH\Controllers\Item.php(43): view('item/add', [])
 4 SYSTEMPATH\CodeIgniter.php(919): App\Controllers\Item->add()
 5 SYSTEMPATH\CodeIgniter.php(494): CodeIgniter\CodeIgniter->runController(Object(App\Controllers\Item))
 6 SYSTEMPATH\CodeIgniter.php(353): CodeIgniter\CodeIgniter->handleRequest(null, Object(Config\Cache), false)
 7 FCPATH\index.php(79): CodeIgniter\CodeIgniter->run()
CRITICAL - 2023-09-20 07:26:50 --> syntax error, unexpected double-quoted string " name=", expecting "," or ";"
in APPPATH\Views\item\add.php on line 29.
 1 SYSTEMPATH\View\View.php(229): CodeIgniter\View\View->CodeIgniter\View\{closure}()
 2 SYSTEMPATH\Common.php(1188): CodeIgniter\View\View->render('item/add', [], true)
 3 APPPATH\Controllers\Item.php(43): view('item/add', [])
 4 SYSTEMPATH\CodeIgniter.php(919): App\Controllers\Item->add()
 5 SYSTEMPATH\CodeIgniter.php(494): CodeIgniter\CodeIgniter->runController(Object(App\Controllers\Item))
 6 SYSTEMPATH\CodeIgniter.php(353): CodeIgniter\CodeIgniter->handleRequest(null, Object(Config\Cache), false)
 7 FCPATH\index.php(79): CodeIgniter\CodeIgniter->run()
CRITICAL - 2023-09-20 07:27:19 --> Call to undefined method CodeIgniter\Validation\Validation::listError()
in APPPATH\Views\item\add.php on line 10.
 1 SYSTEMPATH\View\View.php(226): include()
 2 SYSTEMPATH\View\View.php(229): CodeIgniter\View\View->CodeIgniter\View\{closure}()
 3 SYSTEMPATH\Common.php(1188): CodeIgniter\View\View->render('item/add', [], true)
 4 APPPATH\Controllers\Item.php(43): view('item/add', [...])
 5 SYSTEMPATH\CodeIgniter.php(919): App\Controllers\Item->add()
 6 SYSTEMPATH\CodeIgniter.php(494): CodeIgniter\CodeIgniter->runController(Object(App\Controllers\Item))
 7 SYSTEMPATH\CodeIgniter.php(353): CodeIgniter\CodeIgniter->handleRequest(null, Object(Config\Cache), false)
 8 FCPATH\index.php(79): CodeIgniter\CodeIgniter->run()
CRITICAL - 2023-09-20 07:32:41 --> Call to undefined function set_value()
in APPPATH\Views\item\view.php on line 19.
 1 SYSTEMPATH\View\View.php(226): include()
 2 SYSTEMPATH\View\View.php(229): CodeIgniter\View\View->CodeIgniter\View\{closure}()
 3 SYSTEMPATH\Common.php(1188): CodeIgniter\View\View->render('item/view', [], true)
 4 APPPATH\Controllers\Item.php(55): view('item/view')
 5 SYSTEMPATH\CodeIgniter.php(919): App\Controllers\Item->view()
 6 SYSTEMPATH\CodeIgniter.php(494): CodeIgniter\CodeIgniter->runController(Object(App\Controllers\Item))
 7 SYSTEMPATH\CodeIgniter.php(353): CodeIgniter\CodeIgniter->handleRequest(null, Object(Config\Cache), false)
 8 FCPATH\index.php(79): CodeIgniter\CodeIgniter->run()
CRITICAL - 2023-09-20 07:33:55 --> Call to undefined function set_value()
in APPPATH\Views\item\view.php on line 19.
 1 SYSTEMPATH\View\View.php(226): include()
 2 SYSTEMPATH\View\View.php(229): CodeIgniter\View\View->CodeIgniter\View\{closure}()
 3 SYSTEMPATH\Common.php(1188): CodeIgniter\View\View->render('item/view', [], true)
 4 APPPATH\Controllers\Item.php(55): view('item/view')
 5 SYSTEMPATH\CodeIgniter.php(919): App\Controllers\Item->view()
 6 SYSTEMPATH\CodeIgniter.php(494): CodeIgniter\CodeIgniter->runController(Object(App\Controllers\Item))
 7 SYSTEMPATH\CodeIgniter.php(353): CodeIgniter\CodeIgniter->handleRequest(null, Object(Config\Cache), false)
 8 FCPATH\index.php(79): CodeIgniter\CodeIgniter->run()
CRITICAL - 2023-09-20 07:40:18 --> Call to undefined function set_value()
in APPPATH\Views\item\view.php on line 19.
 1 SYSTEMPATH\View\View.php(226): include()
 2 SYSTEMPATH\View\View.php(229): CodeIgniter\View\View->CodeIgniter\View\{closure}()
 3 SYSTEMPATH\Common.php(1188): CodeIgniter\View\View->render('item/view', [], true)
 4 APPPATH\Controllers\Item.php(55): view('item/view')
 5 SYSTEMPATH\CodeIgniter.php(919): App\Controllers\Item->view()
 6 SYSTEMPATH\CodeIgniter.php(494): CodeIgniter\CodeIgniter->runController(Object(App\Controllers\Item))
 7 SYSTEMPATH\CodeIgniter.php(353): CodeIgniter\CodeIgniter->handleRequest(null, Object(Config\Cache), false)
 8 FCPATH\index.php(79): CodeIgniter\CodeIgniter->run()
CRITICAL - 2023-09-20 07:46:09 --> Too few arguments to function App\Controllers\Item::view(), 0 passed in C:\xampp\htdocs\ci\system\CodeIgniter.php on line 919 and exactly 1 expected
in APPPATH\Controllers\Item.php on line 53.
 1 SYSTEMPATH\CodeIgniter.php(919): App\Controllers\Item->view()
 2 SYSTEMPATH\CodeIgniter.php(494): CodeIgniter\CodeIgniter->runController(Object(App\Controllers\Item))
 3 SYSTEMPATH\CodeIgniter.php(353): CodeIgniter\CodeIgniter->handleRequest(null, Object(Config\Cache), false)
 4 FCPATH\index.php(79): CodeIgniter\CodeIgniter->run()
CRITICAL - 2023-09-20 07:52:00 --> Too few arguments to function App\Controllers\Item::view(), 0 passed in C:\xampp\htdocs\ci\system\CodeIgniter.php on line 919 and exactly 1 expected
in APPPATH\Controllers\Item.php on line 53.
 1 SYSTEMPATH\CodeIgniter.php(919): App\Controllers\Item->view()
 2 SYSTEMPATH\CodeIgniter.php(494): CodeIgniter\CodeIgniter->runController(Object(App\Controllers\Item))
 3 SYSTEMPATH\CodeIgniter.php(353): CodeIgniter\CodeIgniter->handleRequest(null, Object(Config\Cache), false)
 4 FCPATH\index.php(79): CodeIgniter\CodeIgniter->run()
CRITICAL - 2023-09-20 07:52:04 --> Undefined variable $item
in APPPATH\Controllers\Item.php on line 57.
 1 APPPATH\Controllers\Item.php(57): CodeIgniter\Debug\Exceptions->errorHandler(2, 'Undefined variable $item', 'C:\\xampp\\htdocs\\ci\\app\\Controllers\\Item.php', 57)
 2 SYSTEMPATH\CodeIgniter.php(919): App\Controllers\Item->view('1')
 3 SYSTEMPATH\CodeIgniter.php(494): CodeIgniter\CodeIgniter->runController(Object(App\Controllers\Item))
 4 SYSTEMPATH\CodeIgniter.php(353): CodeIgniter\CodeIgniter->handleRequest(null, Object(Config\Cache), false)
 5 FCPATH\index.php(79): CodeIgniter\CodeIgniter->run()
CRITICAL - 2023-09-20 07:53:42 --> Undefined variable $item
in APPPATH\Controllers\Item.php on line 57.
 1 APPPATH\Controllers\Item.php(57): CodeIgniter\Debug\Exceptions->errorHandler(2, 'Undefined variable $item', 'C:\\xampp\\htdocs\\ci\\app\\Controllers\\Item.php', 57)
 2 SYSTEMPATH\CodeIgniter.php(919): App\Controllers\Item->view('1')
 3 SYSTEMPATH\CodeIgniter.php(494): CodeIgniter\CodeIgniter->runController(Object(App\Controllers\Item))
 4 SYSTEMPATH\CodeIgniter.php(353): CodeIgniter\CodeIgniter->handleRequest(null, Object(Config\Cache), false)
 5 FCPATH\index.php(79): CodeIgniter\CodeIgniter->run()
CRITICAL - 2023-09-20 08:08:58 --> Call to undefined function set_value()
in APPPATH\Views\item\edit.php on line 17.
 1 SYSTEMPATH\View\View.php(226): include()
 2 SYSTEMPATH\View\View.php(229): CodeIgniter\View\View->CodeIgniter\View\{closure}()
 3 SYSTEMPATH\Common.php(1188): CodeIgniter\View\View->render('item/edit', [], true)
 4 APPPATH\Controllers\Item.php(47): view('item/edit')
 5 SYSTEMPATH\CodeIgniter.php(919): App\Controllers\Item->edit('2')
 6 SYSTEMPATH\CodeIgniter.php(494): CodeIgniter\CodeIgniter->runController(Object(App\Controllers\Item))
 7 SYSTEMPATH\CodeIgniter.php(353): CodeIgniter\CodeIgniter->handleRequest(null, Object(Config\Cache), false)
 8 FCPATH\index.php(79): CodeIgniter\CodeIgniter->run()
CRITICAL - 2023-09-20 08:10:17 --> Undefined variable $item
in APPPATH\Views\item\edit.php on line 11.
 1 APPPATH\Views\item\edit.php(11): CodeIgniter\Debug\Exceptions->errorHandler(2, 'Undefined variable $item', 'C:\\xampp\\htdocs\\ci\\app\\Views\\item\\edit.php', 11)
 2 SYSTEMPATH\View\View.php(226): include('C:\\xampp\\htdocs\\ci\\app\\Views\\item\\edit.php')
 3 SYSTEMPATH\View\View.php(229): CodeIgniter\View\View->CodeIgniter\View\{closure}()
 4 SYSTEMPATH\Common.php(1188): CodeIgniter\View\View->render('item/edit', [], true)
 5 APPPATH\Controllers\Item.php(47): view('item/edit')
 6 SYSTEMPATH\CodeIgniter.php(919): App\Controllers\Item->edit('2')
 7 SYSTEMPATH\CodeIgniter.php(494): CodeIgniter\CodeIgniter->runController(Object(App\Controllers\Item))
 8 SYSTEMPATH\CodeIgniter.php(353): CodeIgniter\CodeIgniter->handleRequest(null, Object(Config\Cache), false)
 9 FCPATH\index.php(79): CodeIgniter\CodeIgniter->run()
CRITICAL - 2023-09-20 08:16:44 --> Undefined variable $post
in APPPATH\Controllers\Item.php on line 49.
 1 APPPATH\Controllers\Item.php(49): CodeIgniter\Debug\Exceptions->errorHandler(2, 'Undefined variable $post', 'C:\\xampp\\htdocs\\ci\\app\\Controllers\\Item.php', 49)
 2 SYSTEMPATH\CodeIgniter.php(919): App\Controllers\Item->edit('2')
 3 SYSTEMPATH\CodeIgniter.php(494): CodeIgniter\CodeIgniter->runController(Object(App\Controllers\Item))
 4 SYSTEMPATH\CodeIgniter.php(353): CodeIgniter\CodeIgniter->handleRequest(null, Object(Config\Cache), false)
 5 FCPATH\index.php(79): CodeIgniter\CodeIgniter->run()
CRITICAL - 2023-09-20 08:21:43 --> Too few arguments to function App\Controllers\Item::edit(), 0 passed in C:\xampp\htdocs\ci\system\CodeIgniter.php on line 919 and exactly 1 expected
in APPPATH\Controllers\Item.php on line 55.
 1 SYSTEMPATH\CodeIgniter.php(919): App\Controllers\Item->edit()
 2 SYSTEMPATH\CodeIgniter.php(494): CodeIgniter\CodeIgniter->runController(Object(App\Controllers\Item))
 3 SYSTEMPATH\CodeIgniter.php(353): CodeIgniter\CodeIgniter->handleRequest(null, Object(Config\Cache), false)
 4 FCPATH\index.php(79): CodeIgniter\CodeIgniter->run()
CRITICAL - 2023-09-20 08:26:45 --> Too few arguments to function App\Controllers\Item::edit(), 0 passed in C:\xampp\htdocs\ci\system\CodeIgniter.php on line 919 and exactly 1 expected
in APPPATH\Controllers\Item.php on line 55.
 1 SYSTEMPATH\CodeIgniter.php(919): App\Controllers\Item->edit()
 2 SYSTEMPATH\CodeIgniter.php(494): CodeIgniter\CodeIgniter->runController(Object(App\Controllers\Item))
 3 SYSTEMPATH\CodeIgniter.php(353): CodeIgniter\CodeIgniter->handleRequest(null, Object(Config\Cache), false)
 4 FCPATH\index.php(79): CodeIgniter\CodeIgniter->run()
CRITICAL - 2023-09-20 08:27:47 --> CodeIgniter\HTTP\SiteURI::stringifyRelativePath(): Return value must be of type string, null returned
in SYSTEMPATH\HTTP\SiteURI.php on line 401.
 1 SYSTEMPATH\HTTP\SiteURI.php(375): CodeIgniter\HTTP\SiteURI->stringifyRelativePath(null)
 2 SYSTEMPATH\Helpers\url_helper.php(54): CodeIgniter\HTTP\SiteURI->baseUrl(null, null)
 3 APPPATH\Views\item\edit.php(7): base_url(null)
 4 SYSTEMPATH\View\View.php(226): include('C:\\xampp\\htdocs\\ci\\app\\Views\\item\\edit.php')
 5 SYSTEMPATH\View\View.php(229): CodeIgniter\View\View->CodeIgniter\View\{closure}()
 6 SYSTEMPATH\Common.php(1188): CodeIgniter\View\View->render('item/edit', [], true)
 7 APPPATH\Controllers\Item.php(79): view('item/edit', [...])
 8 SYSTEMPATH\CodeIgniter.php(919): App\Controllers\Item->edit('1')
 9 SYSTEMPATH\CodeIgniter.php(494): CodeIgniter\CodeIgniter->runController(Object(App\Controllers\Item))
10 SYSTEMPATH\CodeIgniter.php(353): CodeIgniter\CodeIgniter->handleRequest(null, Object(Config\Cache), false)
11 FCPATH\index.php(79): CodeIgniter\CodeIgniter->run()
CRITICAL - 2023-09-20 08:27:52 --> CodeIgniter\HTTP\SiteURI::stringifyRelativePath(): Return value must be of type string, null returned
in SYSTEMPATH\HTTP\SiteURI.php on line 401.
 1 SYSTEMPATH\HTTP\SiteURI.php(375): CodeIgniter\HTTP\SiteURI->stringifyRelativePath(null)
 2 SYSTEMPATH\Helpers\url_helper.php(54): CodeIgniter\HTTP\SiteURI->baseUrl(null, null)
 3 APPPATH\Views\item\edit.php(7): base_url(null)
 4 SYSTEMPATH\View\View.php(226): include('C:\\xampp\\htdocs\\ci\\app\\Views\\item\\edit.php')
 5 SYSTEMPATH\View\View.php(229): CodeIgniter\View\View->CodeIgniter\View\{closure}()
 6 SYSTEMPATH\Common.php(1188): CodeIgniter\View\View->render('item/edit', [], true)
 7 APPPATH\Controllers\Item.php(79): view('item/edit', [...])
 8 SYSTEMPATH\CodeIgniter.php(919): App\Controllers\Item->edit('1')
 9 SYSTEMPATH\CodeIgniter.php(494): CodeIgniter\CodeIgniter->runController(Object(App\Controllers\Item))
10 SYSTEMPATH\CodeIgniter.php(353): CodeIgniter\CodeIgniter->handleRequest(null, Object(Config\Cache), false)
11 FCPATH\index.php(79): CodeIgniter\CodeIgniter->run()
CRITICAL - 2023-09-20 08:27:55 --> CodeIgniter\HTTP\SiteURI::stringifyRelativePath(): Return value must be of type string, null returned
in SYSTEMPATH\HTTP\SiteURI.php on line 401.
 1 SYSTEMPATH\HTTP\SiteURI.php(375): CodeIgniter\HTTP\SiteURI->stringifyRelativePath(null)
 2 SYSTEMPATH\Helpers\url_helper.php(54): CodeIgniter\HTTP\SiteURI->baseUrl(null, null)
 3 APPPATH\Views\item\edit.php(7): base_url(null)
 4 SYSTEMPATH\View\View.php(226): include('C:\\xampp\\htdocs\\ci\\app\\Views\\item\\edit.php')
 5 SYSTEMPATH\View\View.php(229): CodeIgniter\View\View->CodeIgniter\View\{closure}()
 6 SYSTEMPATH\Common.php(1188): CodeIgniter\View\View->render('item/edit', [], true)
 7 APPPATH\Controllers\Item.php(79): view('item/edit', [...])
 8 SYSTEMPATH\CodeIgniter.php(919): App\Controllers\Item->edit('1')
 9 SYSTEMPATH\CodeIgniter.php(494): CodeIgniter\CodeIgniter->runController(Object(App\Controllers\Item))
10 SYSTEMPATH\CodeIgniter.php(353): CodeIgniter\CodeIgniter->handleRequest(null, Object(Config\Cache), false)
11 FCPATH\index.php(79): CodeIgniter\CodeIgniter->run()
CRITICAL - 2023-09-20 08:31:33 --> Undefined variable $data
in APPPATH\Controllers\Item.php on line 84.
 1 APPPATH\Controllers\Item.php(84): CodeIgniter\Debug\Exceptions->errorHandler(2, 'Undefined variable $data', 'C:\\xampp\\htdocs\\ci\\app\\Controllers\\Item.php', 84)
 2 SYSTEMPATH\CodeIgniter.php(919): App\Controllers\Item->delete('1')
 3 SYSTEMPATH\CodeIgniter.php(494): CodeIgniter\CodeIgniter->runController(Object(App\Controllers\Item))
 4 SYSTEMPATH\CodeIgniter.php(353): CodeIgniter\CodeIgniter->handleRequest(null, Object(Config\Cache), false)
 5 FCPATH\index.php(79): CodeIgniter\CodeIgniter->run()
CRITICAL - 2023-09-20 08:31:53 --> Undefined variable $item
in APPPATH\Views\item\delete.php on line 7.
 1 APPPATH\Views\item\delete.php(7): CodeIgniter\Debug\Exceptions->errorHandler(2, 'Undefined variable $item', 'C:\\xampp\\htdocs\\ci\\app\\Views\\item\\delete.php', 7)
 2 SYSTEMPATH\View\View.php(226): include('C:\\xampp\\htdocs\\ci\\app\\Views\\item\\delete.php')
 3 SYSTEMPATH\View\View.php(229): CodeIgniter\View\View->CodeIgniter\View\{closure}()
 4 SYSTEMPATH\Common.php(1188): CodeIgniter\View\View->render('item/delete', [], true)
 5 APPPATH\Controllers\Item.php(84): view('item/delete')
 6 SYSTEMPATH\CodeIgniter.php(919): App\Controllers\Item->delete('1')
 7 SYSTEMPATH\CodeIgniter.php(494): CodeIgniter\CodeIgniter->runController(Object(App\Controllers\Item))
 8 SYSTEMPATH\CodeIgniter.php(353): CodeIgniter\CodeIgniter->handleRequest(null, Object(Config\Cache), false)
 9 FCPATH\index.php(79): CodeIgniter\CodeIgniter->run()
CRITICAL - 2023-09-20 08:32:28 --> Undefined variable $data
in APPPATH\Controllers\Item.php on line 84.
 1 APPPATH\Controllers\Item.php(84): CodeIgniter\Debug\Exceptions->errorHandler(2, 'Undefined variable $data', 'C:\\xampp\\htdocs\\ci\\app\\Controllers\\Item.php', 84)
 2 SYSTEMPATH\CodeIgniter.php(919): App\Controllers\Item->delete('1')
 3 SYSTEMPATH\CodeIgniter.php(494): CodeIgniter\CodeIgniter->runController(Object(App\Controllers\Item))
 4 SYSTEMPATH\CodeIgniter.php(353): CodeIgniter\CodeIgniter->handleRequest(null, Object(Config\Cache), false)
 5 FCPATH\index.php(79): CodeIgniter\CodeIgniter->run()
CRITICAL - 2023-09-20 08:33:05 --> Attempt to read property "id" on bool
in APPPATH\Views\item\edit.php on line 7.
 1 APPPATH\Views\item\edit.php(7): CodeIgniter\Debug\Exceptions->errorHandler(2, 'Attempt to read property "id" on bool', 'C:\\xampp\\htdocs\\ci\\app\\Views\\item\\edit.php', 7)
 2 SYSTEMPATH\View\View.php(226): include('C:\\xampp\\htdocs\\ci\\app\\Views\\item\\edit.php')
 3 SYSTEMPATH\View\View.php(229): CodeIgniter\View\View->CodeIgniter\View\{closure}()
 4 SYSTEMPATH\Common.php(1188): CodeIgniter\View\View->render('item/edit', [], true)
 5 APPPATH\Controllers\Item.php(87): view('item/edit', [...])
 6 SYSTEMPATH\CodeIgniter.php(919): App\Controllers\Item->delete('1')
 7 SYSTEMPATH\CodeIgniter.php(494): CodeIgniter\CodeIgniter->runController(Object(App\Controllers\Item))
 8 SYSTEMPATH\CodeIgniter.php(353): CodeIgniter\CodeIgniter->handleRequest(null, Object(Config\Cache), false)
 9 FCPATH\index.php(79): CodeIgniter\CodeIgniter->run()
CRITICAL - 2023-09-20 08:40:25 --> Undefined variable $items
in APPPATH\Views\item\index.php on line 18.
 1 APPPATH\Views\item\index.php(18): CodeIgniter\Debug\Exceptions->errorHandler(2, 'Undefined variable $items', 'C:\\xampp\\htdocs\\ci\\app\\Views\\item\\index.php', 18)
 2 SYSTEMPATH\View\View.php(226): include('C:\\xampp\\htdocs\\ci\\app\\Views\\item\\index.php')
 3 SYSTEMPATH\View\View.php(229): CodeIgniter\View\View->CodeIgniter\View\{closure}()
 4 SYSTEMPATH\Common.php(1188): CodeIgniter\View\View->render('item/index', [], true)
 5 APPPATH\Controllers\Item.php(101): view('item/index', [...])
 6 SYSTEMPATH\CodeIgniter.php(919): App\Controllers\Item->delete('5')
 7 SYSTEMPATH\CodeIgniter.php(494): CodeIgniter\CodeIgniter->runController(Object(App\Controllers\Item))
 8 SYSTEMPATH\CodeIgniter.php(353): CodeIgniter\CodeIgniter->handleRequest(null, Object(Config\Cache), false)
 9 FCPATH\index.php(79): CodeIgniter\CodeIgniter->run()
